<?xml version="1.0" encoding="UTF-8"?>
<!-- Generated by org.testng.reporters.JUnitReportReporter -->
<testsuite skipped="0" hostname="DESKTOP-JAHKTIJ" name="WindowHandling.MultipleWindowHandling" tests="1" failures="0" timestamp="2021-05-26T18:06:17 IST" time="40.841" errors="0">
  <testcase name="swtchToAnotherWindow" time="40.841" classname="WindowHandling.MultipleWindowHandling"/>
  <system-out/>
</testsuite> <!-- WindowHandling.MultipleWindowHandling -->
